00:00:12.746 INFO org.lea.demo.DemoApplication [restartedMain]  INFO  org.lea.demo.DemoApplication             - Starting DemoApplication using Java 1.8.0_271 on DESKTOP-2C5IBAA with PID 3976 (C:\Users\A710310\Projects\SLC\LA_Portal\SpringBootPOC_SRC\demo\lea-demo\target\classes started by A710310 in C:\Users\A710310\Projects\SLC\LA_Portal\SpringBootPOC_SRC\demo\lea-demo)
00:00:12.760 INFO org.lea.demo.DemoApplication [restartedMain]  INFO  org.lea.demo.DemoApplication             - No active profile set, falling back to default profiles: default
00:00:17.485 INFO org.lea.demo.DemoApplication [restartedMain]  INFO  org.lea.demo.DemoApplication             - Started DemoApplication in 5.158 seconds (JVM running for 6.016)
00:01:11.802 INFO org.lea.demo.DemoApplication [restartedMain]  INFO  org.lea.demo.DemoApplication             - Starting DemoApplication using Java 1.8.0_271 on DESKTOP-2C5IBAA with PID 3976 (C:\Users\A710310\Projects\SLC\LA_Portal\SpringBootPOC_SRC\demo\lea-demo\target\classes started by A710310 in C:\Users\A710310\Projects\SLC\LA_Portal\SpringBootPOC_SRC\demo\lea-demo)
00:01:11.803 INFO org.lea.demo.DemoApplication [restartedMain]  INFO  org.lea.demo.DemoApplication             - No active profile set, falling back to default profiles: default
00:01:12.835 INFO org.lea.demo.DemoApplication [restartedMain]  INFO  org.lea.demo.DemoApplication             - Started DemoApplication in 1.092 seconds (JVM running for 61.367)
00:02:08.558 INFO org.lea.demo.DemoApplicationTests [main]  INFO  org.lea.demo.DemoApplicationTests        - Starting DemoApplicationTests using Java 1.8.0_271 on DESKTOP-2C5IBAA with PID 9904 (started by A710310 in C:\Users\A710310\Projects\SLC\LA_Portal\SpringBootPOC_SRC\demo\lea-demo)
00:02:08.565 INFO org.lea.demo.DemoApplicationTests [main]  INFO  org.lea.demo.DemoApplicationTests        - No active profile set, falling back to default profiles: default
00:02:17.394 INFO org.lea.demo.DemoApplicationTests [main]  INFO  org.lea.demo.DemoApplicationTests        - Started DemoApplicationTests in 9.444 seconds (JVM running for 11.51)
00:02:46.185 INFO org.lea.demo.DemoApplicationTests [main]  INFO  org.lea.demo.DemoApplicationTests        - Starting DemoApplicationTests using Java 1.8.0_271 on DESKTOP-2C5IBAA with PID 20284 (started by A710310 in C:\Users\A710310\Projects\SLC\LA_Portal\SpringBootPOC_SRC\demo\lea-demo)
00:02:46.189 INFO org.lea.demo.DemoApplicationTests [main]  INFO  org.lea.demo.DemoApplicationTests        - No active profile set, falling back to default profiles: default
00:02:56.658 INFO org.lea.demo.DemoApplicationTests [main]  INFO  org.lea.demo.DemoApplicationTests        - Started DemoApplicationTests in 11.145 seconds (JVM running for 13.253)
00:04:23.197 INFO org.lea.demo.DemoApplicationTests [main]  INFO  org.lea.demo.DemoApplicationTests        - Starting DemoApplicationTests using Java 1.8.0_271 on DESKTOP-2C5IBAA with PID 9232 (started by A710310 in C:\Users\A710310\Projects\SLC\LA_Portal\SpringBootPOC_SRC\demo\lea-demo)
00:04:23.202 INFO org.lea.demo.DemoApplicationTests [main]  INFO  org.lea.demo.DemoApplicationTests        - No active profile set, falling back to default profiles: default
00:04:31.603 INFO org.lea.demo.DemoApplicationTests [main]  INFO  org.lea.demo.DemoApplicationTests        - Started DemoApplicationTests in 9.085 seconds (JVM running for 11.116)
00:05:02.933 INFO org.lea.demo.DemoApplicationTests [main]  INFO  org.lea.demo.DemoApplicationTests        - Starting DemoApplicationTests using Java 1.8.0_271 on DESKTOP-2C5IBAA with PID 17932 (started by A710310 in C:\Users\A710310\Projects\SLC\LA_Portal\SpringBootPOC_SRC\demo\lea-demo)
00:05:02.939 INFO org.lea.demo.DemoApplicationTests [main]  INFO  org.lea.demo.DemoApplicationTests        - No active profile set, falling back to default profiles: default
00:05:11.328 INFO org.lea.demo.DemoApplicationTests [main]  INFO  org.lea.demo.DemoApplicationTests        - Started DemoApplicationTests in 9.039 seconds (JVM running for 11.138)
00:05:11.688 INFO org.lea.demo.controller.HelloController [main]  INFO  o.l.demo.controller.HelloController      - Access Granted.....
00:11:08.771 INFO org.lea.demo.DemoApplication [restartedMain]  INFO  org.lea.demo.DemoApplication             - Starting DemoApplication using Java 1.8.0_271 on DESKTOP-2C5IBAA with PID 5016 (C:\Users\A710310\Projects\SLC\LA_Portal\SpringBootPOC_SRC\demo\lea-demo\target\classes started by A710310 in C:\Users\A710310\Projects\SLC\LA_Portal\SpringBootPOC_SRC\demo\lea-demo)
00:11:08.775 INFO org.lea.demo.DemoApplication [restartedMain]  INFO  org.lea.demo.DemoApplication             - No active profile set, falling back to default profiles: default
00:11:12.843 INFO org.lea.demo.DemoApplication [restartedMain]  INFO  org.lea.demo.DemoApplication             - Started DemoApplication in 4.517 seconds (JVM running for 5.308)
00:11:29.588 INFO org.lea.demo.controller.HelloController [http-nio-8080-exec-1]  INFO  o.l.demo.controller.HelloController      - Access Granted.....
00:12:38.182 INFO org.lea.demo.DemoApplication [restartedMain]  INFO  org.lea.demo.DemoApplication             - Starting DemoApplication using Java 1.8.0_271 on DESKTOP-2C5IBAA with PID 5016 (C:\Users\A710310\Projects\SLC\LA_Portal\SpringBootPOC_SRC\demo\lea-demo\target\classes started by A710310 in C:\Users\A710310\Projects\SLC\LA_Portal\SpringBootPOC_SRC\demo\lea-demo)
00:12:38.183 INFO org.lea.demo.DemoApplication [restartedMain]  INFO  org.lea.demo.DemoApplication             - No active profile set, falling back to default profiles: default
00:12:39.073 INFO org.lea.demo.DemoApplication [restartedMain]  INFO  org.lea.demo.DemoApplication             - Started DemoApplication in 0.945 seconds (JVM running for 91.539)
00:12:58.901 INFO org.lea.demo.DemoApplication [restartedMain]  INFO  org.lea.demo.DemoApplication             - Starting DemoApplication using Java 1.8.0_271 on DESKTOP-2C5IBAA with PID 5016 (C:\Users\A710310\Projects\SLC\LA_Portal\SpringBootPOC_SRC\demo\lea-demo\target\classes started by A710310 in C:\Users\A710310\Projects\SLC\LA_Portal\SpringBootPOC_SRC\demo\lea-demo)
00:12:58.901 INFO org.lea.demo.DemoApplication [restartedMain]  INFO  org.lea.demo.DemoApplication             - No active profile set, falling back to default profiles: default
00:12:59.730 INFO org.lea.demo.DemoApplication [restartedMain]  INFO  org.lea.demo.DemoApplication             - Started DemoApplication in 0.872 seconds (JVM running for 112.196)
00:15:18.882 INFO org.lea.demo.DemoApplicationTests [main]  INFO  org.lea.demo.DemoApplicationTests        - Starting DemoApplicationTests using Java 1.8.0_271 on DESKTOP-2C5IBAA with PID 12800 (started by A710310 in C:\Users\A710310\Projects\SLC\LA_Portal\SpringBootPOC_SRC\demo\lea-demo)
00:15:18.886 INFO org.lea.demo.DemoApplicationTests [main]  INFO  org.lea.demo.DemoApplicationTests        - No active profile set, falling back to default profiles: default
00:15:27.627 INFO org.lea.demo.DemoApplicationTests [main]  INFO  org.lea.demo.DemoApplicationTests        - Started DemoApplicationTests in 9.399 seconds (JVM running for 11.604)
00:15:28.123 INFO org.lea.demo.controller.HelloController [main]  INFO  o.l.demo.controller.HelloController      - Access Granted.....
00:15:48.117 INFO org.lea.demo.DemoApplication [restartedMain]  INFO  org.lea.demo.DemoApplication             - Starting DemoApplication using Java 1.8.0_271 on DESKTOP-2C5IBAA with PID 11072 (C:\Users\A710310\Projects\SLC\LA_Portal\SpringBootPOC_SRC\demo\lea-demo\target\classes started by A710310 in C:\Users\A710310\Projects\SLC\LA_Portal\SpringBootPOC_SRC\demo\lea-demo)
00:15:48.120 INFO org.lea.demo.DemoApplication [restartedMain]  INFO  org.lea.demo.DemoApplication             - No active profile set, falling back to default profiles: default
00:15:51.859 INFO org.lea.demo.DemoApplication [restartedMain]  INFO  org.lea.demo.DemoApplication             - Started DemoApplication in 4.101 seconds (JVM running for 4.875)
00:16:22.381 INFO org.lea.demo.controller.HelloController [http-nio-8080-exec-1]  INFO  o.l.demo.controller.HelloController      - Access Granted.....
00:18:15.895 INFO org.lea.demo.DemoApplication [restartedMain]  INFO  org.lea.demo.DemoApplication             - Starting DemoApplication using Java 1.8.0_271 on DESKTOP-2C5IBAA with PID 11072 (C:\Users\A710310\Projects\SLC\LA_Portal\SpringBootPOC_SRC\demo\lea-demo\target\classes started by A710310 in C:\Users\A710310\Projects\SLC\LA_Portal\SpringBootPOC_SRC\demo\lea-demo)
00:18:15.896 INFO org.lea.demo.DemoApplication [restartedMain]  INFO  org.lea.demo.DemoApplication             - No active profile set, falling back to default profiles: default
00:18:16.992 INFO org.lea.demo.DemoApplication [restartedMain]  INFO  org.lea.demo.DemoApplication             - Started DemoApplication in 1.151 seconds (JVM running for 150.009)
00:18:19.179 INFO org.lea.demo.DemoApplication [restartedMain]  INFO  org.lea.demo.DemoApplication             - Starting DemoApplication using Java 1.8.0_271 on DESKTOP-2C5IBAA with PID 11072 (C:\Users\A710310\Projects\SLC\LA_Portal\SpringBootPOC_SRC\demo\lea-demo\target\classes started by A710310 in C:\Users\A710310\Projects\SLC\LA_Portal\SpringBootPOC_SRC\demo\lea-demo)
00:18:19.180 INFO org.lea.demo.DemoApplication [restartedMain]  INFO  org.lea.demo.DemoApplication             - No active profile set, falling back to default profiles: default
00:18:19.909 INFO org.lea.demo.DemoApplication [restartedMain]  INFO  org.lea.demo.DemoApplication             - Started DemoApplication in 0.773 seconds (JVM running for 152.926)
00:18:36.534 INFO org.lea.demo.controller.HelloController [http-nio-8080-exec-2]  INFO  o.l.demo.controller.HelloController      - Access Granted.....
00:18:59.248 INFO org.lea.demo.DemoApplication [restartedMain]  INFO  org.lea.demo.DemoApplication             - Starting DemoApplication using Java 1.8.0_271 on DESKTOP-2C5IBAA with PID 11072 (C:\Users\A710310\Projects\SLC\LA_Portal\SpringBootPOC_SRC\demo\lea-demo\target\classes started by A710310 in C:\Users\A710310\Projects\SLC\LA_Portal\SpringBootPOC_SRC\demo\lea-demo)
00:18:59.249 INFO org.lea.demo.DemoApplication [restartedMain]  INFO  org.lea.demo.DemoApplication             - No active profile set, falling back to default profiles: default
00:19:01.325 INFO org.lea.demo.DemoApplication [restartedMain]  INFO  org.lea.demo.DemoApplication             - Started DemoApplication in 2.115 seconds (JVM running for 194.34)
00:22:15.852 INFO org.lea.demo.DemoApplication [restartedMain]  INFO  org.lea.demo.DemoApplication             - Starting DemoApplication using Java 1.8.0_271 on DESKTOP-2C5IBAA with PID 11072 (C:\Users\A710310\Projects\SLC\LA_Portal\SpringBootPOC_SRC\demo\lea-demo\target\classes started by A710310 in C:\Users\A710310\Projects\SLC\LA_Portal\SpringBootPOC_SRC\demo\lea-demo)
00:22:15.852 INFO org.lea.demo.DemoApplication [restartedMain]  INFO  org.lea.demo.DemoApplication             - No active profile set, falling back to default profiles: default
00:22:16.716 INFO org.lea.demo.DemoApplication [restartedMain]  INFO  org.lea.demo.DemoApplication             - Started DemoApplication in 0.939 seconds (JVM running for 389.736)
00:24:45.332 INFO org.lea.demo.DemoApplicationTests [main]  INFO  org.lea.demo.DemoApplicationTests        - Starting DemoApplicationTests using Java 1.8.0_271 on DESKTOP-2C5IBAA with PID 22240 (started by A710310 in C:\Users\A710310\Projects\SLC\LA_Portal\SpringBootPOC_SRC\demo\lea-demo)
00:24:45.337 INFO org.lea.demo.DemoApplicationTests [main]  INFO  org.lea.demo.DemoApplicationTests        - No active profile set, falling back to default profiles: default
00:24:55.609 INFO org.lea.demo.DemoApplicationTests [main]  INFO  org.lea.demo.DemoApplicationTests        - Started DemoApplicationTests in 11.204 seconds (JVM running for 13.677)
00:25:20.972 INFO org.lea.demo.DemoApplicationTests [main]  INFO  org.lea.demo.DemoApplicationTests        - Starting DemoApplicationTests using Java 1.8.0_271 on DESKTOP-2C5IBAA with PID 13060 (started by A710310 in C:\Users\A710310\Projects\SLC\LA_Portal\SpringBootPOC_SRC\demo\lea-demo)
00:25:20.977 INFO org.lea.demo.DemoApplicationTests [main]  INFO  org.lea.demo.DemoApplicationTests        - No active profile set, falling back to default profiles: default
00:25:29.221 INFO org.lea.demo.DemoApplicationTests [main]  INFO  org.lea.demo.DemoApplicationTests        - Started DemoApplicationTests in 9.029 seconds (JVM running for 11.072)
00:25:44.472 INFO org.lea.demo.DemoApplication [restartedMain]  INFO  org.lea.demo.DemoApplication             - Starting DemoApplication using Java 1.8.0_271 on DESKTOP-2C5IBAA with PID 1368 (C:\Users\A710310\Projects\SLC\LA_Portal\SpringBootPOC_SRC\demo\lea-demo\target\classes started by A710310 in C:\Users\A710310\Projects\SLC\LA_Portal\SpringBootPOC_SRC\demo\lea-demo)
00:25:44.475 INFO org.lea.demo.DemoApplication [restartedMain]  INFO  org.lea.demo.DemoApplication             - No active profile set, falling back to default profiles: default
00:25:48.073 INFO org.lea.demo.DemoApplication [restartedMain]  INFO  org.lea.demo.DemoApplication             - Started DemoApplication in 4.017 seconds (JVM running for 4.758)
00:29:37.077 INFO org.lea.demo.DemoApplication [restartedMain]  INFO  org.lea.demo.DemoApplication             - Starting DemoApplication using Java 1.8.0_271 on DESKTOP-2C5IBAA with PID 1368 (C:\Users\A710310\Projects\SLC\LA_Portal\SpringBootPOC_SRC\demo\lea-demo\target\classes started by A710310 in C:\Users\A710310\Projects\SLC\LA_Portal\SpringBootPOC_SRC\demo\lea-demo)
00:29:37.078 INFO org.lea.demo.DemoApplication [restartedMain]  INFO  org.lea.demo.DemoApplication             - No active profile set, falling back to default profiles: default
00:29:37.892 INFO org.lea.demo.DemoApplication [restartedMain]  INFO  org.lea.demo.DemoApplication             - Started DemoApplication in 0.867 seconds (JVM running for 234.579)
00:29:40.968 INFO org.lea.demo.DemoApplication [restartedMain]  INFO  org.lea.demo.DemoApplication             - Starting DemoApplication using Java 1.8.0_271 on DESKTOP-2C5IBAA with PID 1368 (C:\Users\A710310\Projects\SLC\LA_Portal\SpringBootPOC_SRC\demo\lea-demo\target\classes started by A710310 in C:\Users\A710310\Projects\SLC\LA_Portal\SpringBootPOC_SRC\demo\lea-demo)
00:29:40.968 INFO org.lea.demo.DemoApplication [restartedMain]  INFO  org.lea.demo.DemoApplication             - No active profile set, falling back to default profiles: default
00:29:41.633 INFO org.lea.demo.DemoApplication [restartedMain]  INFO  org.lea.demo.DemoApplication             - Started DemoApplication in 0.716 seconds (JVM running for 238.322)
00:30:34.944 INFO org.lea.demo.DemoApplication [restartedMain]  INFO  org.lea.demo.DemoApplication             - Starting DemoApplication using Java 1.8.0_271 on DESKTOP-2C5IBAA with PID 1368 (C:\Users\A710310\Projects\SLC\LA_Portal\SpringBootPOC_SRC\demo\lea-demo\target\classes started by A710310 in C:\Users\A710310\Projects\SLC\LA_Portal\SpringBootPOC_SRC\demo\lea-demo)
00:30:34.944 INFO org.lea.demo.DemoApplication [restartedMain]  INFO  org.lea.demo.DemoApplication             - No active profile set, falling back to default profiles: default
00:30:35.690 INFO org.lea.demo.DemoApplication [restartedMain]  INFO  org.lea.demo.DemoApplication             - Started DemoApplication in 0.788 seconds (JVM running for 292.379)
00:31:02.790 INFO org.lea.demo.DemoApplicationTests [main]  INFO  org.lea.demo.DemoApplicationTests        - Starting DemoApplicationTests using Java 1.8.0_271 on DESKTOP-2C5IBAA with PID 17212 (started by A710310 in C:\Users\A710310\Projects\SLC\LA_Portal\SpringBootPOC_SRC\demo\lea-demo)
00:31:02.795 INFO org.lea.demo.DemoApplicationTests [main]  INFO  org.lea.demo.DemoApplicationTests        - No active profile set, falling back to default profiles: default
00:31:11.406 INFO org.lea.demo.DemoApplicationTests [main]  INFO  org.lea.demo.DemoApplicationTests        - Started DemoApplicationTests in 9.253 seconds (JVM running for 11.416)
00:31:28.830 INFO org.lea.demo.DemoApplicationTests [main]  INFO  org.lea.demo.DemoApplicationTests        - Starting DemoApplicationTests using Java 1.8.0_271 on DESKTOP-2C5IBAA with PID 11672 (started by A710310 in C:\Users\A710310\Projects\SLC\LA_Portal\SpringBootPOC_SRC\demo\lea-demo)
00:31:28.838 INFO org.lea.demo.DemoApplicationTests [main]  INFO  org.lea.demo.DemoApplicationTests        - No active profile set, falling back to default profiles: default
00:31:37.815 INFO org.lea.demo.DemoApplicationTests [main]  INFO  org.lea.demo.DemoApplicationTests        - Started DemoApplicationTests in 9.553 seconds (JVM running for 11.622)
00:31:50.123 INFO org.lea.demo.DemoApplication [restartedMain]  INFO  org.lea.demo.DemoApplication             - Starting DemoApplication using Java 1.8.0_271 on DESKTOP-2C5IBAA with PID 9700 (C:\Users\A710310\Projects\SLC\LA_Portal\SpringBootPOC_SRC\demo\lea-demo\target\classes started by A710310 in C:\Users\A710310\Projects\SLC\LA_Portal\SpringBootPOC_SRC\demo\lea-demo)
00:31:50.127 INFO org.lea.demo.DemoApplication [restartedMain]  INFO  org.lea.demo.DemoApplication             - No active profile set, falling back to default profiles: default
00:31:53.842 INFO org.lea.demo.DemoApplication [restartedMain]  INFO  org.lea.demo.DemoApplication             - Started DemoApplication in 4.089 seconds (JVM running for 4.852)
00:32:24.620 INFO org.lea.demo.controller.HelloController [http-nio-8080-exec-2]  INFO  o.l.demo.controller.HelloController      - Access Granted.....
00:34:02.222 INFO org.lea.demo.DemoApplication [restartedMain]  INFO  org.lea.demo.DemoApplication             - Starting DemoApplication using Java 1.8.0_281 on DESKTOP-2C5IBAA with PID 2688 (C:\Users\A710310\Projects\SLC\LA_Portal\SpringBootPOC_SRC\demo\lea-demo\target\classes started by A710310 in C:\Users\A710310\Projects\SLC\LA_Portal\SpringBootPOC_SRC\demo\lea-demo)
00:34:02.229 INFO org.lea.demo.DemoApplication [restartedMain]  INFO  org.lea.demo.DemoApplication             - No active profile set, falling back to default profiles: default
00:34:11.814 INFO org.lea.demo.DemoApplication [restartedMain]  INFO  org.lea.demo.DemoApplication             - Started DemoApplication in 10.359 seconds (JVM running for 12.831)
00:45:06.921 INFO org.lea.demo.DemoApplication [restartedMain]  INFO  org.lea.demo.DemoApplication             - Starting DemoApplication using Java 1.8.0_281 on DESKTOP-2C5IBAA with PID 12404 (C:\Users\A710310\Projects\SLC\LA_Portal\SpringBootPOC_SRC\demo\lea-demo\target\classes started by A710310 in C:\Users\A710310\Projects\SLC\LA_Portal\SpringBootPOC_SRC\demo\lea-demo)
00:45:06.925 INFO org.lea.demo.DemoApplication [restartedMain]  INFO  org.lea.demo.DemoApplication             - No active profile set, falling back to default profiles: default
00:49:32.262 INFO org.lea.demo.DemoApplication [restartedMain]  INFO  org.lea.demo.DemoApplication             - Starting DemoApplication using Java 1.8.0_281 on DESKTOP-2C5IBAA with PID 5752 (C:\Users\A710310\Projects\SLC\LA_Portal\SpringBootPOC_SRC\demo\lea-demo\target\classes started by A710310 in C:\Users\A710310\Projects\SLC\LA_Portal\SpringBootPOC_SRC\demo\lea-demo)
00:49:32.267 INFO org.lea.demo.DemoApplication [restartedMain]  INFO  org.lea.demo.DemoApplication             - No active profile set, falling back to default profiles: default
00:58:02.410 INFO org.lea.demo.DemoApplicationTests [main]  INFO  org.lea.demo.DemoApplicationTests        - Starting DemoApplicationTests using Java 1.8.0_271 on DESKTOP-2C5IBAA with PID 20940 (started by A710310 in C:\Users\A710310\Projects\SLC\LA_Portal\SpringBootPOC_SRC\demo\lea-demo)
00:58:02.414 INFO org.lea.demo.DemoApplicationTests [main]  INFO  org.lea.demo.DemoApplicationTests        - No active profile set, falling back to default profiles: default
00:58:11.413 INFO org.lea.demo.DemoApplicationTests [main]  INFO  org.lea.demo.DemoApplicationTests        - Started DemoApplicationTests in 9.638 seconds (JVM running for 11.956)
01:02:26.895 INFO org.lea.demo.DemoApplicationTests [main]  INFO  org.lea.demo.DemoApplicationTests        - Starting DemoApplicationTests using Java 1.8.0_271 on DESKTOP-2C5IBAA with PID 18308 (started by A710310 in C:\Users\A710310\Projects\SLC\LA_Portal\SpringBootPOC_SRC\demo\lea-demo)
01:02:26.900 INFO org.lea.demo.DemoApplicationTests [main]  INFO  org.lea.demo.DemoApplicationTests        - No active profile set, falling back to default profiles: default
01:02:35.935 INFO org.lea.demo.DemoApplicationTests [main]  INFO  org.lea.demo.DemoApplicationTests        - Started DemoApplicationTests in 9.663 seconds (JVM running for 11.802)
01:04:57.020 INFO org.lea.demo.DemoApplicationTests [main]  INFO  org.lea.demo.DemoApplicationTests        - Starting DemoApplicationTests using Java 1.8.0_271 on DESKTOP-2C5IBAA with PID 20432 (started by A710310 in C:\Users\A710310\Projects\SLC\LA_Portal\SpringBootPOC_SRC\demo\lea-demo)
01:04:57.025 INFO org.lea.demo.DemoApplicationTests [main]  INFO  org.lea.demo.DemoApplicationTests        - No active profile set, falling back to default profiles: default
